{"/Users/petermacbookpro/Library/Mobile Documents/com~apple~CloudDocs/Documents/Documents-MacBookPro/Codesmith/Jolt/client/App.jsx": {"path":"/Users/petermacbookpro/Library/Mobile Documents/com~apple~CloudDocs/Documents/Documents-MacBookPro/Codesmith/Jolt/client/App.jsx","statementMap":{"0":{"start":{"line":10,"column":2},"end":{"line":22,"column":4}}},"fnMap":{"0":{"name":"App","decl":{"start":{"line":9,"column":9},"end":{"line":9,"column":12}},"loc":{"start":{"line":9,"column":15},"end":{"line":23,"column":1}},"line":9}},"branchMap":{},"s":{"0":0},"f":{"0":0},"b":{},"_coverageSchema":"1a1c01bbd47fc00a2c39e90264f33305004495a9","hash":"a829a89be3a8e6a29f4176e0d656b219dc7a3b7d"}
,"/Users/petermacbookpro/Library/Mobile Documents/com~apple~CloudDocs/Documents/Documents-MacBookPro/Codesmith/Jolt/client/Components/ChatInput.jsx": {"path":"/Users/petermacbookpro/Library/Mobile Documents/com~apple~CloudDocs/Documents/Documents-MacBookPro/Codesmith/Jolt/client/Components/ChatInput.jsx","statementMap":{"0":{"start":{"line":11,"column":23},"end":{"line":45,"column":3}},"1":{"start":{"line":13,"column":4},"end":{"line":13,"column":27}},"2":{"start":{"line":16,"column":17},"end":{"line":16,"column":73}},"3":{"start":{"line":19,"column":4},"end":{"line":38,"column":5}},"4":{"start":{"line":21,"column":6},"end":{"line":30,"column":8}},"5":{"start":{"line":39,"column":4},"end":{"line":39,"column":43}},"6":{"start":{"line":41,"column":20},"end":{"line":41,"column":62}},"7":{"start":{"line":43,"column":4},"end":{"line":43,"column":23}},"8":{"start":{"line":47,"column":2},"end":{"line":88,"column":3}}},"fnMap":{"0":{"name":"ChatInput","decl":{"start":{"line":10,"column":24},"end":{"line":10,"column":33}},"loc":{"start":{"line":10,"column":36},"end":{"line":89,"column":1}},"line":10},"1":{"name":"(anonymous_1)","decl":{"start":{"line":11,"column":23},"end":{"line":11,"column":24}},"loc":{"start":{"line":11,"column":34},"end":{"line":45,"column":3}},"line":11}},"branchMap":{"0":{"loc":{"start":{"line":19,"column":4},"end":{"line":38,"column":5}},"type":"if","locations":[{"start":{"line":19,"column":4},"end":{"line":38,"column":5}},{"start":{},"end":{}}],"line":19}},"s":{"0":0,"1":0,"2":0,"3":0,"4":0,"5":0,"6":0,"7":0,"8":0},"f":{"0":0,"1":0},"b":{"0":[0,0]},"_coverageSchema":"1a1c01bbd47fc00a2c39e90264f33305004495a9","hash":"06de90f7197a25f9dfbcb6f2b1ce2c62b8233a90"}
,"/Users/petermacbookpro/Library/Mobile Documents/com~apple~CloudDocs/Documents/Documents-MacBookPro/Codesmith/Jolt/client/Components/Login.jsx": {"path":"/Users/petermacbookpro/Library/Mobile Documents/com~apple~CloudDocs/Documents/Documents-MacBookPro/Codesmith/Jolt/client/Components/Login.jsx","statementMap":{"0":{"start":{"line":14,"column":23},"end":{"line":36,"column":3}},"1":{"start":{"line":15,"column":4},"end":{"line":15,"column":27}},"2":{"start":{"line":16,"column":17},"end":{"line":16,"column":50}},"3":{"start":{"line":17,"column":21},"end":{"line":17,"column":41}},"4":{"start":{"line":18,"column":21},"end":{"line":18,"column":41}},"5":{"start":{"line":19,"column":4},"end":{"line":35,"column":6}},"6":{"start":{"line":27,"column":17},"end":{"line":27,"column":27}},"7":{"start":{"line":29,"column":6},"end":{"line":34,"column":57}},"8":{"start":{"line":31,"column":8},"end":{"line":31,"column":39}},"9":{"start":{"line":32,"column":8},"end":{"line":32,"column":40}},"10":{"start":{"line":34,"column":11},"end":{"line":34,"column":57}},"11":{"start":{"line":38,"column":2},"end":{"line":97,"column":4}}},"fnMap":{"0":{"name":"Login","decl":{"start":{"line":13,"column":24},"end":{"line":13,"column":29}},"loc":{"start":{"line":13,"column":32},"end":{"line":98,"column":1}},"line":13},"1":{"name":"(anonymous_1)","decl":{"start":{"line":14,"column":23},"end":{"line":14,"column":24}},"loc":{"start":{"line":14,"column":34},"end":{"line":36,"column":3}},"line":14},"2":{"name":"(anonymous_2)","decl":{"start":{"line":27,"column":10},"end":{"line":27,"column":11}},"loc":{"start":{"line":27,"column":17},"end":{"line":27,"column":27}},"line":27},"3":{"name":"(anonymous_3)","decl":{"start":{"line":28,"column":10},"end":{"line":28,"column":11}},"loc":{"start":{"line":28,"column":18},"end":{"line":35,"column":5}},"line":28}},"branchMap":{"0":{"loc":{"start":{"line":29,"column":6},"end":{"line":34,"column":57}},"type":"if","locations":[{"start":{"line":29,"column":6},"end":{"line":34,"column":57}},{"start":{"line":34,"column":11},"end":{"line":34,"column":57}}],"line":29},"1":{"loc":{"start":{"line":29,"column":10},"end":{"line":29,"column":66}},"type":"binary-expr","locations":[{"start":{"line":29,"column":10},"end":{"line":29,"column":36}},{"start":{"line":29,"column":40},"end":{"line":29,"column":66}}],"line":29}},"s":{"0":0,"1":0,"2":0,"3":0,"4":0,"5":0,"6":0,"7":0,"8":0,"9":0,"10":0,"11":0},"f":{"0":0,"1":0,"2":0,"3":0},"b":{"0":[0,0],"1":[0,0]},"_coverageSchema":"1a1c01bbd47fc00a2c39e90264f33305004495a9","hash":"3d5d0079d0a96011a300b673f2726c7e6394e719"}
,"/Users/petermacbookpro/Library/Mobile Documents/com~apple~CloudDocs/Documents/Documents-MacBookPro/Codesmith/Jolt/client/Components/Message.jsx": {"path":"/Users/petermacbookpro/Library/Mobile Documents/com~apple~CloudDocs/Documents/Documents-MacBookPro/Codesmith/Jolt/client/Components/Message.jsx","statementMap":{"0":{"start":{"line":7,"column":41},"end":{"line":7,"column":46}},"1":{"start":{"line":10,"column":21},"end":{"line":10,"column":61}},"2":{"start":{"line":12,"column":2},"end":{"line":45,"column":3}}},"fnMap":{"0":{"name":"Message","decl":{"start":{"line":6,"column":24},"end":{"line":6,"column":31}},"loc":{"start":{"line":6,"column":39},"end":{"line":46,"column":1}},"line":6}},"branchMap":{},"s":{"0":0,"1":0,"2":0},"f":{"0":0},"b":{},"_coverageSchema":"1a1c01bbd47fc00a2c39e90264f33305004495a9","hash":"59ca07b517f77bbfe7406f89aa9ab057a6df14f0"}
,"/Users/petermacbookpro/Library/Mobile Documents/com~apple~CloudDocs/Documents/Documents-MacBookPro/Codesmith/Jolt/client/Components/Signup.jsx": {"path":"/Users/petermacbookpro/Library/Mobile Documents/com~apple~CloudDocs/Documents/Documents-MacBookPro/Codesmith/Jolt/client/Components/Signup.jsx","statementMap":{"0":{"start":{"line":11,"column":23},"end":{"line":28,"column":3}},"1":{"start":{"line":12,"column":4},"end":{"line":12,"column":30}},"2":{"start":{"line":13,"column":4},"end":{"line":13,"column":27}},"3":{"start":{"line":14,"column":17},"end":{"line":14,"column":50}},"4":{"start":{"line":15,"column":4},"end":{"line":27,"column":6}},"5":{"start":{"line":23,"column":18},"end":{"line":23,"column":35}},"6":{"start":{"line":25,"column":6},"end":{"line":26,"column":55}},"7":{"start":{"line":25,"column":25},"end":{"line":25,"column":52}},"8":{"start":{"line":26,"column":11},"end":{"line":26,"column":55}},"9":{"start":{"line":30,"column":2},"end":{"line":81,"column":4}}},"fnMap":{"0":{"name":"SignUp","decl":{"start":{"line":10,"column":24},"end":{"line":10,"column":30}},"loc":{"start":{"line":10,"column":33},"end":{"line":82,"column":1}},"line":10},"1":{"name":"(anonymous_1)","decl":{"start":{"line":11,"column":23},"end":{"line":11,"column":24}},"loc":{"start":{"line":11,"column":34},"end":{"line":28,"column":3}},"line":11},"2":{"name":"(anonymous_2)","decl":{"start":{"line":23,"column":10},"end":{"line":23,"column":11}},"loc":{"start":{"line":23,"column":17},"end":{"line":23,"column":36}},"line":23},"3":{"name":"(anonymous_3)","decl":{"start":{"line":24,"column":10},"end":{"line":24,"column":11}},"loc":{"start":{"line":24,"column":18},"end":{"line":27,"column":5}},"line":24}},"branchMap":{"0":{"loc":{"start":{"line":25,"column":6},"end":{"line":26,"column":55}},"type":"if","locations":[{"start":{"line":25,"column":6},"end":{"line":26,"column":55}},{"start":{"line":26,"column":11},"end":{"line":26,"column":55}}],"line":25}},"s":{"0":0,"1":0,"2":0,"3":0,"4":0,"5":0,"6":0,"7":0,"8":0,"9":0},"f":{"0":0,"1":0,"2":0,"3":0},"b":{"0":[0,0]},"_coverageSchema":"1a1c01bbd47fc00a2c39e90264f33305004495a9","hash":"4b93cb18b99982320db166b5a58847c5b7e45e83"}
,"/Users/petermacbookpro/Library/Mobile Documents/com~apple~CloudDocs/Documents/Documents-MacBookPro/Codesmith/Jolt/client/Containers/ChatDisplay.jsx": {"path":"/Users/petermacbookpro/Library/Mobile Documents/com~apple~CloudDocs/Documents/Documents-MacBookPro/Codesmith/Jolt/client/Containers/ChatDisplay.jsx","statementMap":{"0":{"start":{"line":8,"column":38},"end":{"line":8,"column":50}},"1":{"start":{"line":11,"column":22},"end":{"line":36,"column":3}},"2":{"start":{"line":12,"column":4},"end":{"line":35,"column":9}},"3":{"start":{"line":13,"column":22},"end":{"line":13,"column":33}},"4":{"start":{"line":16,"column":8},"end":{"line":34,"column":11}},"5":{"start":{"line":19,"column":49},"end":{"line":19,"column":59}},"6":{"start":{"line":22,"column":34},"end":{"line":22,"column":79}},"7":{"start":{"line":26,"column":10},"end":{"line":33,"column":16}},"8":{"start":{"line":26,"column":32},"end":{"line":33,"column":16}},"9":{"start":{"line":26,"column":60},"end":{"line":33,"column":15}},"10":{"start":{"line":39,"column":2},"end":{"line":39,"column":33}},"11":{"start":{"line":41,"column":2},"end":{"line":54,"column":3}}},"fnMap":{"0":{"name":"ChatDisplay","decl":{"start":{"line":6,"column":24},"end":{"line":6,"column":35}},"loc":{"start":{"line":6,"column":38},"end":{"line":55,"column":1}},"line":6},"1":{"name":"(anonymous_1)","decl":{"start":{"line":11,"column":22},"end":{"line":11,"column":23}},"loc":{"start":{"line":11,"column":28},"end":{"line":36,"column":3}},"line":11},"2":{"name":"(anonymous_2)","decl":{"start":{"line":13,"column":12},"end":{"line":13,"column":13}},"loc":{"start":{"line":13,"column":22},"end":{"line":13,"column":33}},"line":13},"3":{"name":"(anonymous_3)","decl":{"start":{"line":14,"column":12},"end":{"line":14,"column":13}},"loc":{"start":{"line":14,"column":26},"end":{"line":35,"column":7}},"line":14},"4":{"name":"(anonymous_4)","decl":{"start":{"line":16,"column":25},"end":{"line":16,"column":26}},"loc":{"start":{"line":16,"column":41},"end":{"line":34,"column":9}},"line":16},"5":{"name":"(anonymous_5)","decl":{"start":{"line":26,"column":46},"end":{"line":26,"column":47}},"loc":{"start":{"line":26,"column":60},"end":{"line":33,"column":15}},"line":26}},"branchMap":{"0":{"loc":{"start":{"line":26,"column":10},"end":{"line":33,"column":16}},"type":"if","locations":[{"start":{"line":26,"column":10},"end":{"line":33,"column":16}},{"start":{},"end":{}}],"line":26}},"s":{"0":0,"1":0,"2":0,"3":0,"4":0,"5":0,"6":0,"7":0,"8":0,"9":0,"10":0,"11":0},"f":{"0":0,"1":0,"2":0,"3":0,"4":0,"5":0},"b":{"0":[0,0]},"_coverageSchema":"1a1c01bbd47fc00a2c39e90264f33305004495a9","hash":"c09f148723da5dab8b3db5da77e2f3ac0aa2e1b0"}
,"/Users/petermacbookpro/Library/Mobile Documents/com~apple~CloudDocs/Documents/Documents-MacBookPro/Codesmith/Jolt/client/Containers/Home.jsx": {"path":"/Users/petermacbookpro/Library/Mobile Documents/com~apple~CloudDocs/Documents/Documents-MacBookPro/Codesmith/Jolt/client/Containers/Home.jsx","statementMap":{"0":{"start":{"line":10,"column":2},"end":{"line":23,"column":3}}},"fnMap":{"0":{"name":"Home","decl":{"start":{"line":8,"column":24},"end":{"line":8,"column":28}},"loc":{"start":{"line":8,"column":30},"end":{"line":24,"column":1}},"line":8}},"branchMap":{},"s":{"0":0},"f":{"0":0},"b":{},"_coverageSchema":"1a1c01bbd47fc00a2c39e90264f33305004495a9","hash":"706714fb754350f9816a73c2cfd261e6f8ed2fd5"}
,"/Users/petermacbookpro/Library/Mobile Documents/com~apple~CloudDocs/Documents/Documents-MacBookPro/Codesmith/Jolt/server/server.js": {"path":"/Users/petermacbookpro/Library/Mobile Documents/com~apple~CloudDocs/Documents/Documents-MacBookPro/Codesmith/Jolt/server/server.js","statementMap":{"0":{"start":{"line":1,"column":13},"end":{"line":1,"column":28}},"1":{"start":{"line":2,"column":16},"end":{"line":2,"column":34}},"2":{"start":{"line":3,"column":21},"end":{"line":3,"column":45}},"3":{"start":{"line":4,"column":12},"end":{"line":4,"column":21}},"4":{"start":{"line":5,"column":13},"end":{"line":5,"column":17}},"5":{"start":{"line":7,"column":19},"end":{"line":7,"column":49}},"6":{"start":{"line":8,"column":22},"end":{"line":8,"column":55}},"7":{"start":{"line":11,"column":0},"end":{"line":11,"column":24}},"8":{"start":{"line":12,"column":0},"end":{"line":12,"column":24}},"9":{"start":{"line":13,"column":0},"end":{"line":13,"column":48}},"10":{"start":{"line":16,"column":0},"end":{"line":18,"column":3}},"11":{"start":{"line":17,"column":2},"end":{"line":17,"column":73}},"12":{"start":{"line":22,"column":0},"end":{"line":22,"column":34}},"13":{"start":{"line":23,"column":0},"end":{"line":23,"column":40}},"14":{"start":{"line":26,"column":0},"end":{"line":35,"column":3}},"15":{"start":{"line":27,"column":21},"end":{"line":31,"column":3}},"16":{"start":{"line":32,"column":19},"end":{"line":32,"column":53}},"17":{"start":{"line":33,"column":2},"end":{"line":33,"column":28}},"18":{"start":{"line":34,"column":2},"end":{"line":34,"column":60}},"19":{"start":{"line":38,"column":0},"end":{"line":40,"column":3}},"20":{"start":{"line":39,"column":2},"end":{"line":39,"column":54}},"21":{"start":{"line":42,"column":0},"end":{"line":42,"column":21}}},"fnMap":{"0":{"name":"(anonymous_0)","decl":{"start":{"line":16,"column":13},"end":{"line":16,"column":14}},"loc":{"start":{"line":16,"column":27},"end":{"line":18,"column":1}},"line":16},"1":{"name":"(anonymous_1)","decl":{"start":{"line":26,"column":8},"end":{"line":26,"column":9}},"loc":{"start":{"line":26,"column":33},"end":{"line":35,"column":1}},"line":26},"2":{"name":"(anonymous_2)","decl":{"start":{"line":38,"column":17},"end":{"line":38,"column":18}},"loc":{"start":{"line":38,"column":23},"end":{"line":40,"column":1}},"line":38}},"branchMap":{},"s":{"0":1,"1":1,"2":1,"3":1,"4":1,"5":1,"6":1,"7":1,"8":1,"9":1,"10":1,"11":0,"12":1,"13":1,"14":1,"15":0,"16":0,"17":0,"18":0,"19":1,"20":0,"21":1},"f":{"0":0,"1":0,"2":0},"b":{},"_coverageSchema":"1a1c01bbd47fc00a2c39e90264f33305004495a9","hash":"921b70f1586b16ce800687405ba70bdba5cca6f3"}
,"/Users/petermacbookpro/Library/Mobile Documents/com~apple~CloudDocs/Documents/Documents-MacBookPro/Codesmith/Jolt/server/controllers/authController.js": {"path":"/Users/petermacbookpro/Library/Mobile Documents/com~apple~CloudDocs/Documents/Documents-MacBookPro/Codesmith/Jolt/server/controllers/authController.js","statementMap":{"0":{"start":{"line":1,"column":13},"end":{"line":1,"column":28}},"1":{"start":{"line":2,"column":15},"end":{"line":2,"column":32}},"2":{"start":{"line":4,"column":23},"end":{"line":4,"column":25}},"3":{"start":{"line":7,"column":0},"end":{"line":20,"column":2}},"4":{"start":{"line":9,"column":33},"end":{"line":9,"column":41}},"5":{"start":{"line":12,"column":2},"end":{"line":17,"column":5}},"6":{"start":{"line":19,"column":2},"end":{"line":19,"column":16}},"7":{"start":{"line":23,"column":0},"end":{"line":37,"column":2}},"8":{"start":{"line":25,"column":33},"end":{"line":25,"column":41}},"9":{"start":{"line":31,"column":18},"end":{"line":31,"column":29}},"10":{"start":{"line":34,"column":2},"end":{"line":34,"column":41}},"11":{"start":{"line":36,"column":2},"end":{"line":36,"column":16}},"12":{"start":{"line":39,"column":0},"end":{"line":39,"column":32}}},"fnMap":{"0":{"name":"(anonymous_0)","decl":{"start":{"line":7,"column":27},"end":{"line":7,"column":28}},"loc":{"start":{"line":7,"column":47},"end":{"line":20,"column":1}},"line":7},"1":{"name":"(anonymous_1)","decl":{"start":{"line":23,"column":29},"end":{"line":23,"column":30}},"loc":{"start":{"line":23,"column":49},"end":{"line":37,"column":1}},"line":23}},"branchMap":{},"s":{"0":1,"1":1,"2":1,"3":1,"4":0,"5":0,"6":0,"7":1,"8":0,"9":0,"10":0,"11":0,"12":1},"f":{"0":0,"1":0},"b":{},"_coverageSchema":"1a1c01bbd47fc00a2c39e90264f33305004495a9","hash":"df6315739515639dae8f1a352a3d2191806160d0"}
,"/Users/petermacbookpro/Library/Mobile Documents/com~apple~CloudDocs/Documents/Documents-MacBookPro/Codesmith/Jolt/server/controllers/messageController.js": {"path":"/Users/petermacbookpro/Library/Mobile Documents/com~apple~CloudDocs/Documents/Documents-MacBookPro/Codesmith/Jolt/server/controllers/messageController.js","statementMap":{"0":{"start":{"line":1,"column":16},"end":{"line":1,"column":49}},"1":{"start":{"line":3,"column":26},"end":{"line":3,"column":28}},"2":{"start":{"line":5,"column":0},"end":{"line":18,"column":2}},"3":{"start":{"line":7,"column":2},"end":{"line":17,"column":7}},"4":{"start":{"line":9,"column":6},"end":{"line":9,"column":37}},"5":{"start":{"line":10,"column":6},"end":{"line":10,"column":20}},"6":{"start":{"line":13,"column":6},"end":{"line":16,"column":8}},"7":{"start":{"line":20,"column":0},"end":{"line":31,"column":2}},"8":{"start":{"line":22,"column":15},"end":{"line":22,"column":30}},"9":{"start":{"line":25,"column":22},"end":{"line":25,"column":30}},"10":{"start":{"line":28,"column":2},"end":{"line":30,"column":5}},"11":{"start":{"line":29,"column":4},"end":{"line":29,"column":18}},"12":{"start":{"line":33,"column":0},"end":{"line":33,"column":35}}},"fnMap":{"0":{"name":"(anonymous_0)","decl":{"start":{"line":5,"column":32},"end":{"line":5,"column":33}},"loc":{"start":{"line":5,"column":52},"end":{"line":18,"column":1}},"line":5},"1":{"name":"(anonymous_1)","decl":{"start":{"line":8,"column":10},"end":{"line":8,"column":11}},"loc":{"start":{"line":8,"column":24},"end":{"line":11,"column":5}},"line":8},"2":{"name":"(anonymous_2)","decl":{"start":{"line":12,"column":11},"end":{"line":12,"column":12}},"loc":{"start":{"line":12,"column":20},"end":{"line":17,"column":5}},"line":12},"3":{"name":"(anonymous_3)","decl":{"start":{"line":20,"column":32},"end":{"line":20,"column":33}},"loc":{"start":{"line":20,"column":52},"end":{"line":31,"column":1}},"line":20},"4":{"name":"(anonymous_4)","decl":{"start":{"line":28,"column":64},"end":{"line":28,"column":65}},"loc":{"start":{"line":28,"column":74},"end":{"line":30,"column":3}},"line":28}},"branchMap":{},"s":{"0":1,"1":1,"2":1,"3":0,"4":0,"5":0,"6":0,"7":1,"8":0,"9":0,"10":0,"11":0,"12":1},"f":{"0":0,"1":0,"2":0,"3":0,"4":0},"b":{},"_coverageSchema":"1a1c01bbd47fc00a2c39e90264f33305004495a9","hash":"9620e4e88bd8fac96b2090aceccf4a3b9555896a"}
,"/Users/petermacbookpro/Library/Mobile Documents/com~apple~CloudDocs/Documents/Documents-MacBookPro/Codesmith/Jolt/server/controllers/userController.js": {"path":"/Users/petermacbookpro/Library/Mobile Documents/com~apple~CloudDocs/Documents/Documents-MacBookPro/Codesmith/Jolt/server/controllers/userController.js","statementMap":{"0":{"start":{"line":1,"column":13},"end":{"line":1,"column":43}},"1":{"start":{"line":3,"column":23},"end":{"line":3,"column":25}},"2":{"start":{"line":5,"column":0},"end":{"line":24,"column":2}},"3":{"start":{"line":6,"column":33},"end":{"line":6,"column":41}},"4":{"start":{"line":8,"column":2},"end":{"line":11,"column":5}},"5":{"start":{"line":8,"column":29},"end":{"line":11,"column":5}},"6":{"start":{"line":14,"column":2},"end":{"line":23,"column":4}},"7":{"start":{"line":15,"column":4},"end":{"line":22,"column":22}},"8":{"start":{"line":16,"column":6},"end":{"line":20,"column":8}},"9":{"start":{"line":22,"column":9},"end":{"line":22,"column":22}},"10":{"start":{"line":26,"column":0},"end":{"line":51,"column":2}},"11":{"start":{"line":28,"column":33},"end":{"line":28,"column":41}},"12":{"start":{"line":30,"column":2},"end":{"line":33,"column":5}},"13":{"start":{"line":30,"column":29},"end":{"line":33,"column":5}},"14":{"start":{"line":34,"column":2},"end":{"line":37,"column":5}},"15":{"start":{"line":34,"column":29},"end":{"line":37,"column":5}},"16":{"start":{"line":39,"column":2},"end":{"line":50,"column":7}},"17":{"start":{"line":41,"column":6},"end":{"line":41,"column":38}},"18":{"start":{"line":42,"column":6},"end":{"line":42,"column":32}},"19":{"start":{"line":43,"column":6},"end":{"line":43,"column":20}},"20":{"start":{"line":46,"column":6},"end":{"line":49,"column":8}},"21":{"start":{"line":54,"column":0},"end":{"line":71,"column":2}},"22":{"start":{"line":56,"column":33},"end":{"line":56,"column":41}},"23":{"start":{"line":59,"column":2},"end":{"line":70,"column":5}},"24":{"start":{"line":60,"column":4},"end":{"line":60,"column":22}},"25":{"start":{"line":62,"column":4},"end":{"line":69,"column":9}},"26":{"start":{"line":63,"column":6},"end":{"line":63,"column":29}},"27":{"start":{"line":64,"column":6},"end":{"line":64,"column":20}},"28":{"start":{"line":66,"column":6},"end":{"line":69,"column":9}},"29":{"start":{"line":73,"column":0},"end":{"line":87,"column":2}},"30":{"start":{"line":75,"column":2},"end":{"line":86,"column":7}},"31":{"start":{"line":78,"column":6},"end":{"line":78,"column":29}},"32":{"start":{"line":79,"column":6},"end":{"line":79,"column":20}},"33":{"start":{"line":82,"column":6},"end":{"line":85,"column":8}},"34":{"start":{"line":90,"column":0},"end":{"line":90,"column":51}},"35":{"start":{"line":92,"column":0},"end":{"line":92,"column":32}}},"fnMap":{"0":{"name":"(anonymous_0)","decl":{"start":{"line":5,"column":33},"end":{"line":5,"column":34}},"loc":{"start":{"line":5,"column":53},"end":{"line":24,"column":1}},"line":5},"1":{"name":"(anonymous_1)","decl":{"start":{"line":14,"column":34},"end":{"line":14,"column":35}},"loc":{"start":{"line":14,"column":44},"end":{"line":23,"column":3}},"line":14},"2":{"name":"(anonymous_2)","decl":{"start":{"line":26,"column":28},"end":{"line":26,"column":29}},"loc":{"start":{"line":26,"column":48},"end":{"line":51,"column":1}},"line":26},"3":{"name":"(anonymous_3)","decl":{"start":{"line":40,"column":10},"end":{"line":40,"column":11}},"loc":{"start":{"line":40,"column":20},"end":{"line":44,"column":5}},"line":40},"4":{"name":"(anonymous_4)","decl":{"start":{"line":45,"column":11},"end":{"line":45,"column":12}},"loc":{"start":{"line":45,"column":20},"end":{"line":50,"column":5}},"line":45},"5":{"name":"(anonymous_5)","decl":{"start":{"line":54,"column":28},"end":{"line":54,"column":29}},"loc":{"start":{"line":54,"column":48},"end":{"line":71,"column":1}},"line":54},"6":{"name":"(anonymous_6)","decl":{"start":{"line":59,"column":34},"end":{"line":59,"column":35}},"loc":{"start":{"line":59,"column":44},"end":{"line":70,"column":3}},"line":59},"7":{"name":"(anonymous_7)","decl":{"start":{"line":73,"column":25},"end":{"line":73,"column":26}},"loc":{"start":{"line":73,"column":45},"end":{"line":87,"column":1}},"line":73},"8":{"name":"(anonymous_8)","decl":{"start":{"line":76,"column":10},"end":{"line":76,"column":11}},"loc":{"start":{"line":76,"column":20},"end":{"line":80,"column":5}},"line":76},"9":{"name":"(anonymous_9)","decl":{"start":{"line":81,"column":11},"end":{"line":81,"column":12}},"loc":{"start":{"line":81,"column":20},"end":{"line":86,"column":5}},"line":81},"10":{"name":"(anonymous_10)","decl":{"start":{"line":90,"column":28},"end":{"line":90,"column":29}},"loc":{"start":{"line":90,"column":48},"end":{"line":90,"column":50}},"line":90}},"branchMap":{"0":{"loc":{"start":{"line":8,"column":2},"end":{"line":11,"column":5}},"type":"if","locations":[{"start":{"line":8,"column":2},"end":{"line":11,"column":5}},{"start":{},"end":{}}],"line":8},"1":{"loc":{"start":{"line":15,"column":4},"end":{"line":22,"column":22}},"type":"if","locations":[{"start":{"line":15,"column":4},"end":{"line":22,"column":22}},{"start":{"line":22,"column":9},"end":{"line":22,"column":22}}],"line":15},"2":{"loc":{"start":{"line":30,"column":2},"end":{"line":33,"column":5}},"type":"if","locations":[{"start":{"line":30,"column":2},"end":{"line":33,"column":5}},{"start":{},"end":{}}],"line":30},"3":{"loc":{"start":{"line":34,"column":2},"end":{"line":37,"column":5}},"type":"if","locations":[{"start":{"line":34,"column":2},"end":{"line":37,"column":5}},{"start":{},"end":{}}],"line":34},"4":{"loc":{"start":{"line":62,"column":4},"end":{"line":69,"column":9}},"type":"if","locations":[{"start":{"line":62,"column":4},"end":{"line":69,"column":9}},{"start":{"line":66,"column":6},"end":{"line":69,"column":9}}],"line":62}},"s":{"0":1,"1":1,"2":1,"3":0,"4":0,"5":0,"6":0,"7":0,"8":0,"9":0,"10":1,"11":0,"12":0,"13":0,"14":0,"15":0,"16":0,"17":0,"18":0,"19":0,"20":0,"21":1,"22":0,"23":0,"24":0,"25":0,"26":0,"27":0,"28":0,"29":1,"30":0,"31":0,"32":0,"33":0,"34":1,"35":1},"f":{"0":0,"1":0,"2":0,"3":0,"4":0,"5":0,"6":0,"7":0,"8":0,"9":0,"10":0},"b":{"0":[0,0],"1":[0,0],"2":[0,0],"3":[0,0],"4":[0,0]},"_coverageSchema":"1a1c01bbd47fc00a2c39e90264f33305004495a9","hash":"3de59548504f2e18da180ce46bcb9284181c9fef"}
,"/Users/petermacbookpro/Library/Mobile Documents/com~apple~CloudDocs/Documents/Documents-MacBookPro/Codesmith/Jolt/server/models/MessageModel.js": {"path":"/Users/petermacbookpro/Library/Mobile Documents/com~apple~CloudDocs/Documents/Documents-MacBookPro/Codesmith/Jolt/server/models/MessageModel.js","statementMap":{"0":{"start":{"line":1,"column":17},"end":{"line":1,"column":36}},"1":{"start":{"line":3,"column":12},"end":{"line":3,"column":109}},"2":{"start":{"line":4,"column":0},"end":{"line":4,"column":71}},"3":{"start":{"line":4,"column":33},"end":{"line":4,"column":69}},"4":{"start":{"line":18,"column":15},"end":{"line":18,"column":30}},"5":{"start":{"line":20,"column":22},"end":{"line":29,"column":2}},"6":{"start":{"line":31,"column":0},"end":{"line":31,"column":58}}},"fnMap":{"0":{"name":"(anonymous_0)","decl":{"start":{"line":4,"column":27},"end":{"line":4,"column":28}},"loc":{"start":{"line":4,"column":33},"end":{"line":4,"column":69}},"line":4}},"branchMap":{},"s":{"0":1,"1":1,"2":1,"3":0,"4":1,"5":1,"6":1},"f":{"0":0},"b":{},"_coverageSchema":"1a1c01bbd47fc00a2c39e90264f33305004495a9","hash":"ec80f659ceaab5287bee03403e4c8792626c365e"}
,"/Users/petermacbookpro/Library/Mobile Documents/com~apple~CloudDocs/Documents/Documents-MacBookPro/Codesmith/Jolt/server/models/UserModel.js": {"path":"/Users/petermacbookpro/Library/Mobile Documents/com~apple~CloudDocs/Documents/Documents-MacBookPro/Codesmith/Jolt/server/models/UserModel.js","statementMap":{"0":{"start":{"line":1,"column":17},"end":{"line":1,"column":36}},"1":{"start":{"line":3,"column":12},"end":{"line":3,"column":109}},"2":{"start":{"line":4,"column":0},"end":{"line":4,"column":71}},"3":{"start":{"line":4,"column":33},"end":{"line":4,"column":69}},"4":{"start":{"line":18,"column":15},"end":{"line":18,"column":30}},"5":{"start":{"line":20,"column":19},"end":{"line":25,"column":2}},"6":{"start":{"line":27,"column":0},"end":{"line":27,"column":52}}},"fnMap":{"0":{"name":"(anonymous_0)","decl":{"start":{"line":4,"column":27},"end":{"line":4,"column":28}},"loc":{"start":{"line":4,"column":33},"end":{"line":4,"column":69}},"line":4}},"branchMap":{},"s":{"0":1,"1":1,"2":1,"3":0,"4":1,"5":1,"6":1},"f":{"0":0},"b":{},"_coverageSchema":"1a1c01bbd47fc00a2c39e90264f33305004495a9","hash":"46dec436ba5c5dd6c78b092f2d1d364c45526c90"}
,"/Users/petermacbookpro/Library/Mobile Documents/com~apple~CloudDocs/Documents/Documents-MacBookPro/Codesmith/Jolt/server/routes/messageRouter.js": {"path":"/Users/petermacbookpro/Library/Mobile Documents/com~apple~CloudDocs/Documents/Documents-MacBookPro/Codesmith/Jolt/server/routes/messageRouter.js","statementMap":{"0":{"start":{"line":1,"column":13},"end":{"line":1,"column":28}},"1":{"start":{"line":2,"column":16},"end":{"line":2,"column":34}},"2":{"start":{"line":3,"column":22},"end":{"line":3,"column":38}},"3":{"start":{"line":5,"column":23},"end":{"line":5,"column":65}},"4":{"start":{"line":6,"column":26},"end":{"line":6,"column":71}},"5":{"start":{"line":7,"column":23},"end":{"line":7,"column":65}},"6":{"start":{"line":10,"column":0},"end":{"line":12,"column":3}},"7":{"start":{"line":11,"column":2},"end":{"line":11,"column":51}},"8":{"start":{"line":15,"column":0},"end":{"line":24,"column":2}},"9":{"start":{"line":21,"column":4},"end":{"line":21,"column":32}},"10":{"start":{"line":22,"column":4},"end":{"line":22,"column":31}},"11":{"start":{"line":26,"column":0},"end":{"line":26,"column":31}}},"fnMap":{"0":{"name":"(anonymous_0)","decl":{"start":{"line":10,"column":54},"end":{"line":10,"column":55}},"loc":{"start":{"line":10,"column":68},"end":{"line":12,"column":1}},"line":10},"1":{"name":"(anonymous_1)","decl":{"start":{"line":20,"column":2},"end":{"line":20,"column":3}},"loc":{"start":{"line":20,"column":16},"end":{"line":23,"column":3}},"line":20}},"branchMap":{},"s":{"0":1,"1":1,"2":1,"3":1,"4":1,"5":1,"6":1,"7":0,"8":1,"9":0,"10":0,"11":1},"f":{"0":0,"1":0},"b":{},"_coverageSchema":"1a1c01bbd47fc00a2c39e90264f33305004495a9","hash":"26e0f78032785d88cbabd9902cac845c40c1a0b7"}
,"/Users/petermacbookpro/Library/Mobile Documents/com~apple~CloudDocs/Documents/Documents-MacBookPro/Codesmith/Jolt/server/routes/userRouter.js": {"path":"/Users/petermacbookpro/Library/Mobile Documents/com~apple~CloudDocs/Documents/Documents-MacBookPro/Codesmith/Jolt/server/routes/userRouter.js","statementMap":{"0":{"start":{"line":1,"column":13},"end":{"line":1,"column":28}},"1":{"start":{"line":2,"column":16},"end":{"line":2,"column":34}},"2":{"start":{"line":3,"column":19},"end":{"line":3,"column":35}},"3":{"start":{"line":6,"column":23},"end":{"line":6,"column":65}},"4":{"start":{"line":7,"column":23},"end":{"line":7,"column":63}},"5":{"start":{"line":10,"column":0},"end":{"line":18,"column":2}},"6":{"start":{"line":16,"column":4},"end":{"line":16,"column":52}},"7":{"start":{"line":21,"column":0},"end":{"line":29,"column":2}},"8":{"start":{"line":27,"column":4},"end":{"line":27,"column":49}},"9":{"start":{"line":31,"column":0},"end":{"line":31,"column":28}}},"fnMap":{"0":{"name":"(anonymous_0)","decl":{"start":{"line":15,"column":2},"end":{"line":15,"column":3}},"loc":{"start":{"line":15,"column":22},"end":{"line":17,"column":3}},"line":15},"1":{"name":"(anonymous_1)","decl":{"start":{"line":26,"column":2},"end":{"line":26,"column":3}},"loc":{"start":{"line":26,"column":22},"end":{"line":28,"column":3}},"line":26}},"branchMap":{},"s":{"0":1,"1":1,"2":1,"3":1,"4":1,"5":1,"6":0,"7":1,"8":0,"9":1},"f":{"0":0,"1":0},"b":{},"_coverageSchema":"1a1c01bbd47fc00a2c39e90264f33305004495a9","hash":"e9ec9ae5bb1b38f9b66f220900f59f7523f4c2f6"}
}
